#
# There is insufficient memory for the Java Runtime Environment to continue.
# Native memory allocation (malloc) failed to allocate 1048576 bytes. Error detail: AllocateHeap
# Possible reasons:
#   The system is out of physical RAM or swap space
#   This process is running with CompressedOops enabled, and the Java Heap may be blocking the growth of the native heap
# Possible solutions:
#   Reduce memory load on the system
#   Increase physical memory or swap space
#   Check if swap backing store is full
#   Decrease Java heap size (-Xmx/-Xms)
#   Decrease number of Java threads
#   Decrease Java thread stack sizes (-Xss)
#   Set larger code cache with -XX:ReservedCodeCacheSize=
#   JVM is running with Unscaled Compressed Oops mode in which the Java heap is
#     placed in the first 4GB address space. The Java Heap base address is the
#     maximum limit for the native heap growth. Please use -XX:HeapBaseMinAddress
#     to set the Java Heap base and to place the Java Heap above 4GB virtual address.
# This output file may be truncated or incomplete.
#
#  Out of Memory Error (allocation.cpp:44), pid=31200, tid=10988
#
# JRE version: OpenJDK Runtime Environment Temurin-21.0.10+7 (21.0.10+7) (build 21.0.10+7-LTS)
# Java VM: OpenJDK 64-Bit Server VM Temurin-21.0.10+7 (21.0.10+7-LTS, mixed mode, sharing, tiered, compressed oops, compressed class ptrs, parallel gc, windows-amd64)
# No core dump will be written. Minidumps are not enabled by default on client versions of Windows
#

---------------  S U M M A R Y ------------

Command Line: --add-modules=ALL-SYSTEM --add-opens=java.base/java.util=ALL-UNNAMED --add-opens=java.base/java.lang=ALL-UNNAMED --add-opens=java.base/sun.nio.fs=ALL-UNNAMED -Declipse.application=org.eclipse.jdt.ls.core.id1 -Dosgi.bundles.defaultStartLevel=4 -Declipse.product=org.eclipse.jdt.ls.core.product -Djava.import.generatesMetadataFilesAtProjectRoot=false -DDetectVMInstallationsJob.disabled=true -Dfile.encoding=utf8 -XX:+UseParallelGC -XX:GCTimeRatio=4 -XX:AdaptiveSizePolicyWeight=90 -Dsun.zip.disableMemoryMapping=true -Xmx2G -Xms100m -Xlog:disable -javaagent:c:\Users\ragha\.antigravity\extensions\redhat.java-1.53.0-win32-x64\lombok\lombok-1.18.39-4050.jar -XX:+HeapDumpOnOutOfMemoryError -XX:HeapDumpPath=c:\Users\ragha\AppData\Roaming\Antigravity\User\workspaceStorage\8b50e37e961820efff57cabde0cbdb43\redhat.java -Daether.dependencyCollector.impl=bf c:\Users\ragha\.antigravity\extensions\redhat.java-1.53.0-win32-x64\server\plugins\org.eclipse.equinox.launcher_1.7.100.v20251111-0406.jar -configuration c:\Users\ragha\AppData\Roaming\Antigravity\User\globalStorage\redhat.java\1.53.0\config_win -data c:\Users\ragha\AppData\Roaming\Antigravity\User\workspaceStorage\8b50e37e961820efff57cabde0cbdb43\redhat.java\jdt_ws --pipe=\\.\pipe\lsp-9c0cbd59b63ba5024b78e52669bee7a2-sock

Host: AMD Ryzen 5 5500U with Radeon Graphics         , 12 cores, 7G,  Windows 11 , 64 bit Build 26100 (10.0.26100.7920)
Time: Sat Apr 11 19:21:35 2026 India Standard Time elapsed time: 13870.833911 seconds (0d 3h 51m 10s)

---------------  T H R E A D  ---------------

Current thread (0x0000022ce74af4c0):  JavaThread "Attach Listener" daemon [_thread_in_vm, id=10988, stack(0x0000007eae400000,0x0000007eae500000) (1024K)]

Stack: [0x0000007eae400000,0x0000007eae500000]
Native frames: (J=compiled Java code, j=interpreted, Vv=VM code, C=native code)
V  [jvm.dll+0x6d7a39]
V  [jvm.dll+0x8b4b26]
V  [jvm.dll+0x8b70de]
V  [jvm.dll+0x8b77c3]
V  [jvm.dll+0x284346]
V  [jvm.dll+0xc1277]
V  [jvm.dll+0x6d82e9]
V  [jvm.dll+0x1334a6]
V  [jvm.dll+0x3f857e]
V  [jvm.dll+0x85f59d]
V  [jvm.dll+0x6d626d]
C  [ucrtbase.dll+0x37b0]
C  [KERNEL32.DLL+0x2e8d7]
C  [ntdll.dll+0x8c48c]


---------------  P R O C E S S  ---------------

Threads class SMR info:
_java_thread_list=0x0000022cc85acc60, length=38, elements={
0x0000022ce4f7a070, 0x0000022ce73ae020, 0x0000022ce74acc90, 0x0000022ce74ae960,
0x0000022ce74af4c0, 0x0000022ce74affc0, 0x0000022ce74ba860, 0x0000022cff124b70,
0x0000022cff125220, 0x0000022cff3281e0, 0x0000022cff3522a0, 0x0000022cc60d8040,
0x0000022cc15460d0, 0x0000022cff187b10, 0x0000022cc13459c0, 0x0000022cc630ab40,
0x0000022cc6572e80, 0x0000022cc61741f0, 0x0000022cc16f6b70, 0x0000022cc16f4410,
0x0000022cc16f57c0, 0x0000022cc16f5e50, 0x0000022cc16f64e0, 0x0000022cc69ee630,
0x0000022cc69eecc0, 0x0000022cc69ef350, 0x0000022cc69ef9e0, 0x0000022cc69ed910,
0x0000022cc69f0d90, 0x0000022cc69f0070, 0x0000022cc69edfa0, 0x0000022cc69f1ab0,
0x0000022cc69f2e60, 0x0000022cc69f3b80, 0x0000022cc69f1420, 0x0000022cc69f0700,
0x0000022cc69f48a0, 0x0000022cc69f34f0
}

Java Threads: ( => current thread )
  0x0000022ce4f7a070 JavaThread "main"                              [_thread_blocked, id=19316, stack(0x0000007eadd00000,0x0000007eade00000) (1024K)]
  0x0000022ce73ae020 JavaThread "Reference Handler"          daemon [_thread_blocked, id=10128, stack(0x0000007eae100000,0x0000007eae200000) (1024K)]
  0x0000022ce74acc90 JavaThread "Finalizer"                  daemon [_thread_blocked, id=30472, stack(0x0000007eae200000,0x0000007eae300000) (1024K)]
  0x0000022ce74ae960 JavaThread "Signal Dispatcher"          daemon [_thread_blocked, id=3288, stack(0x0000007eae300000,0x0000007eae400000) (1024K)]
=>0x0000022ce74af4c0 JavaThread "Attach Listener"            daemon [_thread_in_vm, id=10988, stack(0x0000007eae400000,0x0000007eae500000) (1024K)]
  0x0000022ce74affc0 JavaThread "Service Thread"             daemon [_thread_blocked, id=8908, stack(0x0000007eae500000,0x0000007eae600000) (1024K)]
  0x0000022ce74ba860 JavaThread "Monitor Deflation Thread"   daemon [_thread_blocked, id=16936, stack(0x0000007eae600000,0x0000007eae700000) (1024K)]
  0x0000022cff124b70 JavaThread "C2 CompilerThread0"         daemon [_thread_blocked, id=1760, stack(0x0000007eae700000,0x0000007eae800000) (1024K)]
  0x0000022cff125220 JavaThread "C1 CompilerThread0"         daemon [_thread_blocked, id=27980, stack(0x0000007eae800000,0x0000007eae900000) (1024K)]
  0x0000022cff3281e0 JavaThread "Common-Cleaner"             daemon [_thread_blocked, id=9500, stack(0x0000007eae900000,0x0000007eaea00000) (1024K)]
  0x0000022cff3522a0 JavaThread "Notification Thread"        daemon [_thread_blocked, id=22424, stack(0x0000007eaeb00000,0x0000007eaec00000) (1024K)]
  0x0000022cc60d8040 JavaThread "Active Thread: Equinox Container: cfe74bfb-0723-4ccc-a0dc-a855549219cb"        [_thread_blocked, id=21312, stack(0x0000007eaf200000,0x0000007eaf300000) (1024K)]
  0x0000022cc15460d0 JavaThread "Refresh Thread: Equinox Container: cfe74bfb-0723-4ccc-a0dc-a855549219cb" daemon [_thread_blocked, id=18712, stack(0x0000007eaf400000,0x0000007eaf500000) (1024K)]
  0x0000022cff187b10 JavaThread "Framework Event Dispatcher: Equinox Container: cfe74bfb-0723-4ccc-a0dc-a855549219cb" daemon [_thread_blocked, id=18480, stack(0x0000007eaf500000,0x0000007eaf600000) (1024K)]
  0x0000022cc13459c0 JavaThread "Start Level: Equinox Container: cfe74bfb-0723-4ccc-a0dc-a855549219cb" daemon [_thread_blocked, id=2100, stack(0x0000007eaf300000,0x0000007eaf400000) (1024K)]
  0x0000022cc630ab40 JavaThread "Bundle File Closer"         daemon [_thread_blocked, id=11480, stack(0x0000007eaf900000,0x0000007eafa00000) (1024K)]
  0x0000022cc6572e80 JavaThread "SCR Component Actor"        daemon [_thread_blocked, id=24320, stack(0x0000007eaf800000,0x0000007eaf900000) (1024K)]
  0x0000022cc61741f0 JavaThread "Worker-JM"                         [_thread_blocked, id=2696, stack(0x0000007eafc00000,0x0000007eafd00000) (1024K)]
  0x0000022cc16f6b70 JavaThread "JNA Cleaner"                daemon [_thread_blocked, id=29560, stack(0x0000007eafd00000,0x0000007eafe00000) (1024K)]
  0x0000022cc16f4410 JavaThread "Java indexing"              daemon [_thread_blocked, id=29564, stack(0x0000007eb0000000,0x0000007eb0100000) (1024K)]
  0x0000022cc16f57c0 JavaThread "Thread-1"                   daemon [_thread_in_native, id=26276, stack(0x0000007eb0400000,0x0000007eb0500000) (1024K)]
  0x0000022cc16f5e50 JavaThread "Thread-2"                   daemon [_thread_in_native, id=27704, stack(0x0000007eb0500000,0x0000007eb0600000) (1024K)]
  0x0000022cc16f64e0 JavaThread "Thread-3"                   daemon [_thread_in_native, id=30316, stack(0x0000007eb0600000,0x0000007eb0700000) (1024K)]
  0x0000022cc69ee630 JavaThread "Thread-4"                   daemon [_thread_in_native, id=3000, stack(0x0000007eb0700000,0x0000007eb0800000) (1024K)]
  0x0000022cc69eecc0 JavaThread "Thread-5"                   daemon [_thread_in_native, id=14952, stack(0x0000007eb0800000,0x0000007eb0900000) (1024K)]
  0x0000022cc69ef350 JavaThread "Thread-6"                   daemon [_thread_in_native, id=14988, stack(0x0000007eb0900000,0x0000007eb0a00000) (1024K)]
  0x0000022cc69ef9e0 JavaThread "Thread-7"                   daemon [_thread_in_native, id=2808, stack(0x0000007eb0a00000,0x0000007eb0b00000) (1024K)]
  0x0000022cc69ed910 JavaThread "Thread-8"                   daemon [_thread_in_native, id=4892, stack(0x0000007eb0b00000,0x0000007eb0c00000) (1024K)]
  0x0000022cc69f0d90 JavaThread "Thread-9"                   daemon [_thread_in_native, id=16592, stack(0x0000007eb0c00000,0x0000007eb0d00000) (1024K)]
  0x0000022cc69f0070 JavaThread "Thread-10"                  daemon [_thread_in_native, id=24336, stack(0x0000007eb0d00000,0x0000007eb0e00000) (1024K)]
  0x0000022cc69edfa0 JavaThread "Thread-11"                  daemon [_thread_in_native, id=25752, stack(0x0000007eb0e00000,0x0000007eb0f00000) (1024K)]
  0x0000022cc69f1ab0 JavaThread "Thread-12"                  daemon [_thread_in_native, id=13104, stack(0x0000007eb0f00000,0x0000007eb1000000) (1024K)]
  0x0000022cc69f2e60 JavaThread "Thread-13"                  daemon [_thread_in_native, id=30452, stack(0x0000007eb1000000,0x0000007eb1100000) (1024K)]
  0x0000022cc69f3b80 JavaThread "pool-2-thread-1"                   [_thread_blocked, id=25052, stack(0x0000007eb1200000,0x0000007eb1300000) (1024K)]
  0x0000022cc69f1420 JavaThread "WorkspaceEventsHandler"            [_thread_blocked, id=16824, stack(0x0000007eb1300000,0x0000007eb1400000) (1024K)]
  0x0000022cc69f0700 JavaThread "pool-1-thread-1"                   [_thread_blocked, id=24252, stack(0x0000007eb1400000,0x0000007eb1500000) (1024K)]
  0x0000022cc69f48a0 JavaThread "Worker-5"                          [_thread_blocked, id=10984, stack(0x0000007eb1800000,0x0000007eb1900000) (1024K)]
  0x0000022cc69f34f0 JavaThread "Worker-6"                          [_thread_blocked, id=1972, stack(0x0000007eada00000,0x0000007eadb00000) (1024K)]
Total: 38

Other Threads:
  0x0000022ce74a1c20 VMThread "VM Thread"                           [id=9744, stack(0x0000007eae000000,0x0000007eae100000) (1024K)]
  0x0000022ce728ca00 WatcherThread "VM Periodic Task Thread"        [id=15204, stack(0x0000007eadf00000,0x0000007eae000000) (1024K)]
  0x0000022ce74238b0 WorkerThread "GC Thread#0"                     [id=6888, stack(0x0000007eade00000,0x0000007eadf00000) (1024K)]
  0x0000022cc168b6d0 WorkerThread "GC Thread#1"                     [id=19052, stack(0x0000007eaec00000,0x0000007eaed00000) (1024K)]
  0x0000022cc168ba80 WorkerThread "GC Thread#2"                     [id=3940, stack(0x0000007eaed00000,0x0000007eaee00000) (1024K)]
  0x0000022cc168a0b0 WorkerThread "GC Thread#3"                     [id=996, stack(0x0000007eaee00000,0x0000007eaef00000) (1024K)]
  0x0000022cc168abc0 WorkerThread "GC Thread#4"                     [id=7252, stack(0x0000007eaef00000,0x0000007eaf000000) (1024K)]
  0x0000022cc168a460 WorkerThread "GC Thread#5"                     [id=28260, stack(0x0000007eaf000000,0x0000007eaf100000) (1024K)]
  0x0000022cc168a810 WorkerThread "GC Thread#6"                     [id=7572, stack(0x0000007eaf100000,0x0000007eaf200000) (1024K)]
  0x0000022cc168af70 WorkerThread "GC Thread#7"                     [id=13000, stack(0x0000007eaea00000,0x0000007eaeb00000) (1024K)]
  0x0000022cc62c56c0 WorkerThread "GC Thread#8"                     [id=3828, stack(0x0000007eaf600000,0x0000007eaf700000) (1024K)]
  0x0000022cc62c5e20 WorkerThread "GC Thread#9"                     [id=20208, stack(0x0000007eaf700000,0x0000007eaf800000) (1024K)]
Total: 12

Threads with active compile tasks:
Total: 0

VM state: not at safepoint (normal execution)

VM Mutex/Monitor currently owned by a thread: None

Heap address: 0x0000000080000000, size: 2048 MB, Compressed Oops mode: 32-bit

CDS archive(s) mapped at: [0x0000022c80000000-0x0000022c80ba0000-0x0000022c80ba0000), size 12189696, SharedBaseAddress: 0x0000022c80000000, ArchiveRelocationMode: 1.
Compressed class space mapped at: 0x0000022c81000000-0x0000022cc1000000, reserved size: 1073741824
Narrow klass base: 0x0000022c80000000, Narrow klass shift: 0, Narrow klass range: 0x100000000

GC Precious Log:
 CardTable entry size: 512
 CPUs: 12 total, 12 available
 Memory: 7502M
 Large Page Support: Disabled
 NUMA Support: Disabled
 Compressed Oops: Enabled (32-bit)
 Alignments: Space 512K, Generation 512K, Heap 2M
 Heap Min Capacity: 100M
 Heap Initial Capacity: 100M
 Heap Max Capacity: 2G
 Pre-touch: Disabled
 Parallel Workers: 10

Heap:
 PSYoungGen      total 2048K, used 1805K [0x00000000d5580000, 0x00000000d5880000, 0x0000000100000000)
  eden space 1536K, 98% used [0x00000000d5580000,0x00000000d56fb688,0x00000000d5700000)
  from space 512K, 56% used [0x00000000d5780000,0x00000000d57c8000,0x00000000d5800000)
  to   space 512K, 0% used [0x00000000d5800000,0x00000000d5800000,0x00000000d5880000)
 ParOldGen       total 270336K, used 270225K [0x0000000080000000, 0x0000000090800000, 0x00000000d5580000)
  object space 270336K, 99% used [0x0000000080000000,0x00000000907e4798,0x0000000090800000)
 Metaspace       used 68674K, committed 70208K, reserved 1114112K
  class space    used 6969K, committed 7680K, reserved 1048576K

Card table byte_map: [0x0000022ce6da0000,0x0000022ce71b0000] _byte_map_base: 0x0000022ce69a0000

Marking Bits: (ParMarkBitMap*) 0x00007ffab0eb3450
 Begin Bits: [0x0000022cf98b0000, 0x0000022cfb8b0000)
 End Bits:   [0x0000022cfb8b0000, 0x0000022cfd8b0000)

Polling page: 0x0000022ce51f0000

Metaspace:

Usage:
  Non-class:     60.26 MB used.
      Class:      6.81 MB used.
       Both:     67.07 MB used.

Virtual space:
  Non-class space:       64.00 MB reserved,      61.06 MB ( 95%) committed,  1 nodes.
      Class space:        1.00 GB reserved,       7.50 MB ( <1%) committed,  1 nodes.
             Both:        1.06 GB reserved,      68.56 MB (  6%) committed. 

Chunk freelists:
   Non-Class:  2.81 MB
       Class:  8.47 MB
        Both:  11.28 MB

MaxMetaspaceSize: unlimited
CompressedClassSpaceSize: 1.00 GB
Initial GC threshold: 21.00 MB
Current GC threshold: 97.31 MB
CDS: on
 - commit_granule_bytes: 65536.
 - commit_granule_words: 8192.
 - virtual_space_node_default_size: 8388608.
 - enlarge_chunks_in_place: 1.
 - use_allocation_guard: 0.


Internal statistics:

num_allocs_failed_limit: 9.
num_arena_births: 1398.
num_arena_deaths: 14.
num_vsnodes_births: 2.
num_vsnodes_deaths: 0.
num_space_committed: 1097.
num_space_uncommitted: 0.
num_chunks_returned_to_freelist: 23.
num_chunks_taken_from_freelist: 4671.
num_chunk_merges: 11.
num_chunk_splits: 2904.
num_chunks_enlarged: 1642.
num_inconsistent_stats: 0.

CodeHeap 'non-profiled nmethods': size=120000Kb used=11826Kb max_used=11826Kb free=108173Kb
 bounds [0x0000022cf20d0000, 0x0000022cf2c60000, 0x0000022cf9600000]
CodeHeap 'profiled nmethods': size=120000Kb used=36409Kb max_used=36409Kb free=83590Kb
 bounds [0x0000022cea600000, 0x0000022cec990000, 0x0000022cf1b30000]
CodeHeap 'non-nmethods': size=5760Kb used=1437Kb max_used=1503Kb free=4322Kb
 bounds [0x0000022cf1b30000, 0x0000022cf1da0000, 0x0000022cf20d0000]
CodeCache: size=245760Kb, used=49672Kb, max_used=49738Kb, free=196085Kb
 total_blobs=16194, nmethods=15445, adapters=654, full_count=0
Compilation: enabled, stopped_count=0, restarted_count=0

Compilation events (20 events):
Event: 9892.908 Thread 0x0000022cff124b70 16201       4       org.eclipse.core.internal.utils.StringPool::add (50 bytes)
Event: 9893.023 Thread 0x0000022cff124b70 nmethod 16201 0x0000022cf2c5ae90 code [0x0000022cf2c5b0c0, 0x0000022cf2c5b968]
Event: 10702.060 Thread 0x0000022cff125220 16202   !   3       java.util.concurrent.locks.AbstractQueuedSynchronizer$ConditionObject::newConditionNode (78 bytes)
Event: 10702.094 Thread 0x0000022cff125220 nmethod 16202 0x0000022cec987710 code [0x0000022cec987980, 0x0000022cec988160]
Event: 11251.865 Thread 0x0000022cff124b70 16203       4       java.util.concurrent.locks.AbstractQueuedSynchronizer::acquire (20 bytes)
Event: 11251.880 Thread 0x0000022cff124b70 nmethod 16203 0x0000022cf2c5c090 code [0x0000022cf2c5c220, 0x0000022cf2c5c318]
Event: 11642.804 Thread 0x0000022cff124b70 16204       4       java.util.concurrent.ThreadPoolExecutor::runStateAtLeast (11 bytes)
Event: 11642.805 Thread 0x0000022cff124b70 nmethod 16204 0x0000022cf2c5c410 code [0x0000022cf2c5c580, 0x0000022cf2c5c5f8]
Event: 12212.160 Thread 0x0000022cff125220 16205   !   3       org.eclipse.osgi.storage.Storage::save (62 bytes)
Event: 12212.176 Thread 0x0000022cff125220 nmethod 16205 0x0000022cec988410 code [0x0000022cec9885e0, 0x0000022cec988930]
Event: 12212.176 Thread 0x0000022cff125220 16206   !   3       org.eclipse.osgi.storage.Storage::save0 (246 bytes)
Event: 12212.230 Thread 0x0000022cff125220 nmethod 16206 0x0000022cec988b10 code [0x0000022cec989020, 0x0000022cec98bc08]
Event: 12593.043 Thread 0x0000022cff125220 16207       3       org.eclipse.core.internal.jobs.JobListeners::queueEvent (15 bytes)
Event: 12593.056 Thread 0x0000022cff125220 nmethod 16207 0x0000022cec98d190 code [0x0000022cec98d340, 0x0000022cec98d528]
Event: 12923.807 Thread 0x0000022cff125220 16208       3       java.util.concurrent.ThreadPoolExecutor$Worker::unlock (7 bytes)
Event: 12923.810 Thread 0x0000022cff125220 nmethod 16208 0x0000022cec98d610 code [0x0000022cec98d7e0, 0x0000022cec98da38]
Event: 13493.081 Thread 0x0000022cff125220 16209       3       org.eclipse.core.internal.resources.MarkerSet::shareStrings (57 bytes)
Event: 13493.097 Thread 0x0000022cff125220 nmethod 16209 0x0000022cec98db90 code [0x0000022cec98dd60, 0x0000022cec98e2d0]
Event: 13622.560 Thread 0x0000022cff124b70 16210       4       java.util.concurrent.ScheduledThreadPoolExecutor::canRunInCurrentRunState (61 bytes)
Event: 13622.591 Thread 0x0000022cff124b70 nmethod 16210 0x0000022cf2c5c710 code [0x0000022cf2c5c8a0, 0x0000022cf2c5c968]

GC Heap History (20 events):
Event: 474.155 GC heap before
{Heap before GC invocations=215 (full 3):
 PSYoungGen      total 2048K, used 1472K [0x00000000d5580000, 0x00000000d5900000, 0x0000000100000000)
  eden space 1024K, 100% used [0x00000000d5580000,0x00000000d5680000,0x00000000d5680000)
  from space 1024K, 43% used [0x00000000d5700000,0x00000000d5770000,0x00000000d5800000)
  to   space 1024K, 0% used [0x00000000d5800000,0x00000000d5800000,0x00000000d5900000)
 ParOldGen       total 268288K, used 268107K [0x0000000080000000, 0x0000000090600000, 0x00000000d5580000)
  object space 268288K, 99% used [0x0000000080000000,0x00000000905d2d58,0x0000000090600000)
 Metaspace       used 68266K, committed 69824K, reserved 1114112K
  class space    used 6938K, committed 7616K, reserved 1048576K
}
Event: 474.157 GC heap after
{Heap after GC invocations=215 (full 3):
 PSYoungGen      total 1536K, used 288K [0x00000000d5580000, 0x00000000d5880000, 0x0000000100000000)
  eden space 1024K, 0% used [0x00000000d5580000,0x00000000d5580000,0x00000000d5680000)
  from space 512K, 56% used [0x00000000d5800000,0x00000000d5848000,0x00000000d5880000)
  to   space 512K, 0% used [0x00000000d5780000,0x00000000d5780000,0x00000000d5800000)
 ParOldGen       total 268800K, used 268419K [0x0000000080000000, 0x0000000090680000, 0x00000000d5580000)
  object space 268800K, 99% used [0x0000000080000000,0x0000000090620fd8,0x0000000090680000)
 Metaspace       used 68266K, committed 69824K, reserved 1114112K
  class space    used 6938K, committed 7616K, reserved 1048576K
}
Event: 474.159 GC heap before
{Heap before GC invocations=216 (full 3):
 PSYoungGen      total 1536K, used 1312K [0x00000000d5580000, 0x00000000d5880000, 0x0000000100000000)
  eden space 1024K, 100% used [0x00000000d5580000,0x00000000d5680000,0x00000000d5680000)
  from space 512K, 56% used [0x00000000d5800000,0x00000000d5848000,0x00000000d5880000)
  to   space 512K, 0% used [0x00000000d5780000,0x00000000d5780000,0x00000000d5800000)
 ParOldGen       total 268800K, used 268419K [0x0000000080000000, 0x0000000090680000, 0x00000000d5580000)
  object space 268800K, 99% used [0x0000000080000000,0x0000000090620fd8,0x0000000090680000)
 Metaspace       used 68266K, committed 69824K, reserved 1114112K
  class space    used 6938K, committed 7616K, reserved 1048576K
}
Event: 474.161 GC heap after
{Heap after GC invocations=216 (full 3):
 PSYoungGen      total 2048K, used 288K [0x00000000d5580000, 0x00000000d5880000, 0x0000000100000000)
  eden space 1536K, 0% used [0x00000000d5580000,0x00000000d5580000,0x00000000d5700000)
  from space 512K, 56% used [0x00000000d5780000,0x00000000d57c8000,0x00000000d5800000)
  to   space 512K, 0% used [0x00000000d5800000,0x00000000d5800000,0x00000000d5880000)
 ParOldGen       total 268800K, used 268547K [0x0000000080000000, 0x0000000090680000, 0x00000000d5580000)
  object space 268800K, 99% used [0x0000000080000000,0x0000000090640fd8,0x0000000090680000)
 Metaspace       used 68266K, committed 69824K, reserved 1114112K
  class space    used 6938K, committed 7616K, reserved 1048576K
}
Event: 474.210 GC heap before
{Heap before GC invocations=217 (full 3):
 PSYoungGen      total 2048K, used 1824K [0x00000000d5580000, 0x00000000d5880000, 0x0000000100000000)
  eden space 1536K, 100% used [0x00000000d5580000,0x00000000d5700000,0x00000000d5700000)
  from space 512K, 56% used [0x00000000d5780000,0x00000000d57c8000,0x00000000d5800000)
  to   space 512K, 0% used [0x00000000d5800000,0x00000000d5800000,0x00000000d5880000)
 ParOldGen       total 268800K, used 268547K [0x0000000080000000, 0x0000000090680000, 0x00000000d5580000)
  object space 268800K, 99% used [0x0000000080000000,0x0000000090640fd8,0x0000000090680000)
 Metaspace       used 68266K, committed 69824K, reserved 1114112K
  class space    used 6938K, committed 7616K, reserved 1048576K
}
Event: 474.212 GC heap after
{Heap after GC invocations=217 (full 3):
 PSYoungGen      total 2048K, used 448K [0x00000000d5580000, 0x00000000d5880000, 0x0000000100000000)
  eden space 1536K, 0% used [0x00000000d5580000,0x00000000d5580000,0x00000000d5700000)
  from space 512K, 87% used [0x00000000d5800000,0x00000000d5870000,0x00000000d5880000)
  to   space 512K, 0% used [0x00000000d5780000,0x00000000d5780000,0x00000000d5800000)
 ParOldGen       total 268800K, used 268603K [0x0000000080000000, 0x0000000090680000, 0x00000000d5580000)
  object space 268800K, 99% used [0x0000000080000000,0x000000009064efd8,0x0000000090680000)
 Metaspace       used 68266K, committed 69824K, reserved 1114112K
  class space    used 6938K, committed 7616K, reserved 1048576K
}
Event: 474.222 GC heap before
{Heap before GC invocations=218 (full 3):
 PSYoungGen      total 2048K, used 1983K [0x00000000d5580000, 0x00000000d5880000, 0x0000000100000000)
  eden space 1536K, 99% used [0x00000000d5580000,0x00000000d56fff40,0x00000000d5700000)
  from space 512K, 87% used [0x00000000d5800000,0x00000000d5870000,0x00000000d5880000)
  to   space 512K, 0% used [0x00000000d5780000,0x00000000d5780000,0x00000000d5800000)
 ParOldGen       total 268800K, used 268603K [0x0000000080000000, 0x0000000090680000, 0x00000000d5580000)
  object space 268800K, 99% used [0x0000000080000000,0x000000009064efd8,0x0000000090680000)
 Metaspace       used 68267K, committed 69824K, reserved 1114112K
  class space    used 6938K, committed 7616K, reserved 1048576K
}
Event: 474.223 GC heap after
{Heap after GC invocations=218 (full 3):
 PSYoungGen      total 2048K, used 416K [0x00000000d5580000, 0x00000000d5880000, 0x0000000100000000)
  eden space 1536K, 0% used [0x00000000d5580000,0x00000000d5580000,0x00000000d5700000)
  from space 512K, 81% used [0x00000000d5780000,0x00000000d57e8000,0x00000000d5800000)
  to   space 512K, 0% used [0x00000000d5800000,0x00000000d5800000,0x00000000d5880000)
 ParOldGen       total 269312K, used 268947K [0x0000000080000000, 0x0000000090700000, 0x00000000d5580000)
  object space 269312K, 99% used [0x0000000080000000,0x00000000906a4ff8,0x0000000090700000)
 Metaspace       used 68267K, committed 69824K, reserved 1114112K
  class space    used 6938K, committed 7616K, reserved 1048576K
}
Event: 474.250 GC heap before
{Heap before GC invocations=219 (full 3):
 PSYoungGen      total 2048K, used 1952K [0x00000000d5580000, 0x00000000d5880000, 0x0000000100000000)
  eden space 1536K, 100% used [0x00000000d5580000,0x00000000d5700000,0x00000000d5700000)
  from space 512K, 81% used [0x00000000d5780000,0x00000000d57e8000,0x00000000d5800000)
  to   space 512K, 0% used [0x00000000d5800000,0x00000000d5800000,0x00000000d5880000)
 ParOldGen       total 269312K, used 268947K [0x0000000080000000, 0x0000000090700000, 0x00000000d5580000)
  object space 269312K, 99% used [0x0000000080000000,0x00000000906a4ff8,0x0000000090700000)
 Metaspace       used 68270K, committed 69824K, reserved 1114112K
  class space    used 6938K, committed 7616K, reserved 1048576K
}
Event: 474.253 GC heap after
{Heap after GC invocations=219 (full 3):
 PSYoungGen      total 2048K, used 512K [0x00000000d5580000, 0x00000000d5900000, 0x0000000100000000)
  eden space 1536K, 0% used [0x00000000d5580000,0x00000000d5580000,0x00000000d5700000)
  from space 512K, 100% used [0x00000000d5800000,0x00000000d5880000,0x00000000d5880000)
  to   space 1024K, 0% used [0x00000000d5700000,0x00000000d5700000,0x00000000d5800000)
 ParOldGen       total 269312K, used 269211K [0x0000000080000000, 0x0000000090700000, 0x00000000d5580000)
  object space 269312K, 99% used [0x0000000080000000,0x00000000906e6ff8,0x0000000090700000)
 Metaspace       used 68270K, committed 69824K, reserved 1114112K
  class space    used 6938K, committed 7616K, reserved 1048576K
}
Event: 497.969 GC heap before
{Heap before GC invocations=220 (full 3):
 PSYoungGen      total 2048K, used 2048K [0x00000000d5580000, 0x00000000d5900000, 0x0000000100000000)
  eden space 1536K, 100% used [0x00000000d5580000,0x00000000d5700000,0x00000000d5700000)
  from space 512K, 100% used [0x00000000d5800000,0x00000000d5880000,0x00000000d5880000)
  to   space 1024K, 0% used [0x00000000d5700000,0x00000000d5700000,0x00000000d5800000)
 ParOldGen       total 269312K, used 269211K [0x0000000080000000, 0x0000000090700000, 0x00000000d5580000)
  object space 269312K, 99% used [0x0000000080000000,0x00000000906e6ff8,0x0000000090700000)
 Metaspace       used 68279K, committed 69824K, reserved 1114112K
  class space    used 6938K, committed 7616K, reserved 1048576K
}
Event: 497.971 GC heap after
{Heap after GC invocations=220 (full 3):
 PSYoungGen      total 2560K, used 416K [0x00000000d5580000, 0x00000000d5900000, 0x0000000100000000)
  eden space 1536K, 0% used [0x00000000d5580000,0x00000000d5580000,0x00000000d5700000)
  from space 1024K, 40% used [0x00000000d5700000,0x00000000d5768000,0x00000000d5800000)
  to   space 1024K, 0% used [0x00000000d5800000,0x00000000d5800000,0x00000000d5900000)
 ParOldGen       total 269824K, used 269699K [0x0000000080000000, 0x0000000090780000, 0x00000000d5580000)
  object space 269824K, 99% used [0x0000000080000000,0x0000000090760ff8,0x0000000090780000)
 Metaspace       used 68279K, committed 69824K, reserved 1114112K
  class space    used 6938K, committed 7616K, reserved 1048576K
}
Event: 758.648 GC heap before
{Heap before GC invocations=221 (full 3):
 PSYoungGen      total 2560K, used 1951K [0x00000000d5580000, 0x00000000d5900000, 0x0000000100000000)
  eden space 1536K, 99% used [0x00000000d5580000,0x00000000d56fffe8,0x00000000d5700000)
  from space 1024K, 40% used [0x00000000d5700000,0x00000000d5768000,0x00000000d5800000)
  to   space 1024K, 0% used [0x00000000d5800000,0x00000000d5800000,0x00000000d5900000)
 ParOldGen       total 269824K, used 269699K [0x0000000080000000, 0x0000000090780000, 0x00000000d5580000)
  object space 269824K, 99% used [0x0000000080000000,0x0000000090760ff8,0x0000000090780000)
 Metaspace       used 68403K, committed 69952K, reserved 1114112K
  class space    used 6953K, committed 7680K, reserved 1048576K
}
Event: 758.668 GC heap after
{Heap after GC invocations=221 (full 3):
 PSYoungGen      total 2048K, used 352K [0x00000000d5580000, 0x00000000d5880000, 0x0000000100000000)
  eden space 1536K, 0% used [0x00000000d5580000,0x00000000d5580000,0x00000000d5700000)
  from space 512K, 68% used [0x00000000d5800000,0x00000000d5858020,0x00000000d5880000)
  to   space 512K, 0% used [0x00000000d5780000,0x00000000d5780000,0x00000000d5800000)
 ParOldGen       total 270336K, used 269913K [0x0000000080000000, 0x0000000090800000, 0x00000000d5580000)
  object space 270336K, 99% used [0x0000000080000000,0x0000000090796778,0x0000000090800000)
 Metaspace       used 68403K, committed 69952K, reserved 1114112K
  class space    used 6953K, committed 7680K, reserved 1048576K
}
Event: 2279.067 GC heap before
{Heap before GC invocations=222 (full 3):
 PSYoungGen      total 2048K, used 1888K [0x00000000d5580000, 0x00000000d5880000, 0x0000000100000000)
  eden space 1536K, 100% used [0x00000000d5580000,0x00000000d5700000,0x00000000d5700000)
  from space 512K, 68% used [0x00000000d5800000,0x00000000d5858020,0x00000000d5880000)
  to   space 512K, 0% used [0x00000000d5780000,0x00000000d5780000,0x00000000d5800000)
 ParOldGen       total 270336K, used 269913K [0x0000000080000000, 0x0000000090800000, 0x00000000d5580000)
  object space 270336K, 99% used [0x0000000080000000,0x0000000090796778,0x0000000090800000)
 Metaspace       used 68608K, committed 70208K, reserved 1114112K
  class space    used 6969K, committed 7680K, reserved 1048576K
}
Event: 2279.233 GC heap after
{Heap after GC invocations=222 (full 3):
 PSYoungGen      total 2048K, used 288K [0x00000000d5580000, 0x00000000d5880000, 0x0000000100000000)
  eden space 1536K, 0% used [0x00000000d5580000,0x00000000d5580000,0x00000000d5700000)
  from space 512K, 56% used [0x00000000d5780000,0x00000000d57c8000,0x00000000d5800000)
  to   space 512K, 0% used [0x00000000d5800000,0x00000000d5800000,0x00000000d5880000)
 ParOldGen       total 270336K, used 270065K [0x0000000080000000, 0x0000000090800000, 0x00000000d5580000)
  object space 270336K, 99% used [0x0000000080000000,0x00000000907bc798,0x0000000090800000)
 Metaspace       used 68608K, committed 70208K, reserved 1114112K
  class space    used 6969K, committed 7680K, reserved 1048576K
}
Event: 3716.836 GC heap before
{Heap before GC invocations=223 (full 3):
 PSYoungGen      total 2048K, used 1824K [0x00000000d5580000, 0x00000000d5880000, 0x0000000100000000)
  eden space 1536K, 100% used [0x00000000d5580000,0x00000000d5700000,0x00000000d5700000)
  from space 512K, 56% used [0x00000000d5780000,0x00000000d57c8000,0x00000000d5800000)
  to   space 512K, 0% used [0x00000000d5800000,0x00000000d5800000,0x00000000d5880000)
 ParOldGen       total 270336K, used 270065K [0x0000000080000000, 0x0000000090800000, 0x00000000d5580000)
  object space 270336K, 99% used [0x0000000080000000,0x00000000907bc798,0x0000000090800000)
 Metaspace       used 68620K, committed 70208K, reserved 1114112K
  class space    used 6969K, committed 7680K, reserved 1048576K
}
Event: 3716.942 GC heap after
{Heap after GC invocations=223 (full 3):
 PSYoungGen      total 2048K, used 256K [0x00000000d5580000, 0x00000000d5880000, 0x0000000100000000)
  eden space 1536K, 0% used [0x00000000d5580000,0x00000000d5580000,0x00000000d5700000)
  from space 512K, 50% used [0x00000000d5800000,0x00000000d5840000,0x00000000d5880000)
  to   space 512K, 0% used [0x00000000d5780000,0x00000000d5780000,0x00000000d5800000)
 ParOldGen       total 270336K, used 270201K [0x0000000080000000, 0x0000000090800000, 0x00000000d5580000)
  object space 270336K, 99% used [0x0000000080000000,0x00000000907de798,0x0000000090800000)
 Metaspace       used 68620K, committed 70208K, reserved 1114112K
  class space    used 6969K, committed 7680K, reserved 1048576K
}
Event: 5268.026 GC heap before
{Heap before GC invocations=224 (full 3):
 PSYoungGen      total 2048K, used 1792K [0x00000000d5580000, 0x00000000d5880000, 0x0000000100000000)
  eden space 1536K, 100% used [0x00000000d5580000,0x00000000d5700000,0x00000000d5700000)
  from space 512K, 50% used [0x00000000d5800000,0x00000000d5840000,0x00000000d5880000)
  to   space 512K, 0% used [0x00000000d5780000,0x00000000d5780000,0x00000000d5800000)
 ParOldGen       total 270336K, used 270201K [0x0000000080000000, 0x0000000090800000, 0x00000000d5580000)
  object space 270336K, 99% used [0x0000000080000000,0x00000000907de798,0x0000000090800000)
 Metaspace       used 68628K, committed 70208K, reserved 1114112K
  class space    used 6969K, committed 7680K, reserved 1048576K
}
Event: 5268.108 GC heap after
{Heap after GC invocations=224 (full 3):
 PSYoungGen      total 2048K, used 288K [0x00000000d5580000, 0x00000000d5880000, 0x0000000100000000)
  eden space 1536K, 0% used [0x00000000d5580000,0x00000000d5580000,0x00000000d5700000)
  from space 512K, 56% used [0x00000000d5780000,0x00000000d57c8000,0x00000000d5800000)
  to   space 512K, 0% used [0x00000000d5800000,0x00000000d5800000,0x00000000d5880000)
 ParOldGen       total 270336K, used 270225K [0x0000000080000000, 0x0000000090800000, 0x00000000d5580000)
  object space 270336K, 99% used [0x0000000080000000,0x00000000907e4798,0x0000000090800000)
 Metaspace       used 68628K, committed 70208K, reserved 1114112K
  class space    used 6969K, committed 7680K, reserved 1048576K
}

Dll operation events (10 events):
Event: 0.009 Loaded shared library c:\Users\ragha\.antigravity\extensions\redhat.java-1.53.0-win32-x64\jre\21.0.10-win32-x86_64\bin\java.dll
Event: 0.069 Loaded shared library c:\Users\ragha\.antigravity\extensions\redhat.java-1.53.0-win32-x64\jre\21.0.10-win32-x86_64\bin\zip.dll
Event: 0.093 Loaded shared library C:\Users\ragha\.antigravity\extensions\redhat.java-1.53.0-win32-x64\jre\21.0.10-win32-x86_64\bin\instrument.dll
Event: 0.098 Loaded shared library C:\Users\ragha\.antigravity\extensions\redhat.java-1.53.0-win32-x64\jre\21.0.10-win32-x86_64\bin\net.dll
Event: 0.100 Loaded shared library C:\Users\ragha\.antigravity\extensions\redhat.java-1.53.0-win32-x64\jre\21.0.10-win32-x86_64\bin\nio.dll
Event: 0.104 Loaded shared library C:\Users\ragha\.antigravity\extensions\redhat.java-1.53.0-win32-x64\jre\21.0.10-win32-x86_64\bin\zip.dll
Event: 0.120 Loaded shared library C:\Users\ragha\.antigravity\extensions\redhat.java-1.53.0-win32-x64\jre\21.0.10-win32-x86_64\bin\jimage.dll
Event: 0.206 Loaded shared library c:\Users\ragha\.antigravity\extensions\redhat.java-1.53.0-win32-x64\jre\21.0.10-win32-x86_64\bin\verify.dll
Event: 9.960 Loaded shared library C:\Users\ragha\AppData\Roaming\Antigravity\User\globalStorage\redhat.java\1.53.0\config_win\org.eclipse.equinox.launcher\org.eclipse.equinox.launcher.win32.win32.x86_64_1.3.0.v20260203-2149\eclipse_11919.dll
Event: 24.637 Loaded shared library C:\Users\ragha\AppData\Local\Temp\jna-108273425\jna8519665298013909053.dll

Deoptimization events (20 events):
Event: 758.897 Thread 0x0000022cc69f34f0 DEOPT PACKING pc=0x0000022cf2b2d150 sp=0x0000007eadaff070
Event: 758.897 Thread 0x0000022cc69f34f0 DEOPT UNPACKING pc=0x0000022cf1b83aa2 sp=0x0000007eadafeff8 mode 2
Event: 758.898 Thread 0x0000022cc69f34f0 Uncommon trap: trap_request=0xffffffc6 fr.pc=0x0000022cf27476f8 relative=0x00000000000050f8
Event: 758.898 Thread 0x0000022cc69f34f0 Uncommon trap: reason=bimorphic_or_optimized_type_check action=maybe_recompile pc=0x0000022cf27476f8 method=java.util.Properties.load0(Ljava/util/Properties$LineReader;)V @ 241 c2
Event: 758.898 Thread 0x0000022cc69f34f0 DEOPT PACKING pc=0x0000022cf27476f8 sp=0x0000007eadaff1a0
Event: 758.898 Thread 0x0000022cc69f34f0 DEOPT UNPACKING pc=0x0000022cf1b83aa2 sp=0x0000007eadaff1c0 mode 2
Event: 758.900 Thread 0x0000022cc69f34f0 Uncommon trap: trap_request=0xffffffc6 fr.pc=0x0000022cf26e1f38 relative=0x00000000000052b8
Event: 758.900 Thread 0x0000022cc69f34f0 Uncommon trap: reason=bimorphic_or_optimized_type_check action=maybe_recompile pc=0x0000022cf26e1f38 method=java.util.Properties.load0(Ljava/util/Properties$LineReader;)V @ 241 c2
Event: 758.900 Thread 0x0000022cc69f34f0 DEOPT PACKING pc=0x0000022cf26e1f38 sp=0x0000007eadaff1a0
Event: 758.900 Thread 0x0000022cc69f34f0 DEOPT UNPACKING pc=0x0000022cf1b83aa2 sp=0x0000007eadaff1c0 mode 2
Event: 758.900 Thread 0x0000022cc69f34f0 Uncommon trap: trap_request=0xffffffde fr.pc=0x0000022cf2b2d150 relative=0x00000000000005f0
Event: 758.900 Thread 0x0000022cc69f34f0 Uncommon trap: reason=class_check action=maybe_recompile pc=0x0000022cf2b2d150 method=java.io.InputStream.read([BII)I @ 15 c2
Event: 758.900 Thread 0x0000022cc69f34f0 DEOPT PACKING pc=0x0000022cf2b2d150 sp=0x0000007eadaff0d0
Event: 758.900 Thread 0x0000022cc69f34f0 DEOPT UNPACKING pc=0x0000022cf1b83aa2 sp=0x0000007eadaff058 mode 2
Event: 2279.029 Thread 0x0000022cc69f1420 Uncommon trap: trap_request=0xffffff45 fr.pc=0x0000022cf2c3a4a0 relative=0x0000000000000260
Event: 2279.031 Thread 0x0000022cc69f1420 Uncommon trap: reason=unstable_if action=reinterpret pc=0x0000022cf2c3a4a0 method=org.eclipse.core.runtime.Path.equals(Ljava/lang/Object;)Z @ 120 c2
Event: 2279.031 Thread 0x0000022cc69f1420 DEOPT PACKING pc=0x0000022cf2c3a4a0 sp=0x0000007eb13ff2e0
Event: 2279.033 Thread 0x0000022cc69f1420 DEOPT UNPACKING pc=0x0000022cf1b83aa2 sp=0x0000007eb13ff270 mode 2
Event: 2965.956 Thread 0x0000022cc69f1420 DEOPT PACKING pc=0x0000022ceb617d41 sp=0x0000007eb13fede0
Event: 2965.959 Thread 0x0000022cc69f1420 DEOPT UNPACKING pc=0x0000022cf1b84242 sp=0x0000007eb13fe2c0 mode 0

Classes loaded (20 events):
Event: 758.596 Loading class java/util/stream/Nodes$CollectorTask$OfRef
Event: 758.599 Loading class java/util/stream/Nodes$CollectorTask
Event: 758.603 Loading class java/util/stream/Nodes$CollectorTask done
Event: 758.603 Loading class java/util/stream/Nodes$CollectorTask$OfRef done
Event: 758.604 Loading class java/util/function/LongFunction
Event: 758.605 Loading class java/util/function/LongFunction done
Event: 758.607 Loading class java/util/stream/Nodes$ConcNode
Event: 758.609 Loading class java/util/stream/Nodes$AbstractConcNode
Event: 758.610 Loading class java/util/stream/Nodes$AbstractConcNode done
Event: 758.610 Loading class java/util/stream/Nodes$ConcNode done
Event: 758.707 Loading class java/util/stream/Nodes$ToArrayTask$OfRef
Event: 758.709 Loading class java/util/stream/Nodes$ToArrayTask
Event: 758.710 Loading class java/util/stream/Nodes$ToArrayTask done
Event: 758.710 Loading class java/util/stream/Nodes$ToArrayTask$OfRef done
Event: 758.722 Loading class java/io/ObjectOutputStream$BlockDataOutputStream
Event: 758.724 Loading class java/io/ObjectOutputStream$BlockDataOutputStream done
Event: 758.724 Loading class java/io/ObjectOutputStream$HandleTable
Event: 758.725 Loading class java/io/ObjectOutputStream$HandleTable done
Event: 758.725 Loading class java/io/ObjectOutputStream$ReplaceTable
Event: 758.725 Loading class java/io/ObjectOutputStream$ReplaceTable done

Classes unloaded (7 events):
Event: 25.527 Thread 0x0000022ce74a1c20 Unloading class 0x0000022c811a4800 'java/lang/invoke/LambdaForm$MH+0x0000022c811a4800'
Event: 25.527 Thread 0x0000022ce74a1c20 Unloading class 0x0000022c811a4400 'java/lang/invoke/LambdaForm$MH+0x0000022c811a4400'
Event: 25.527 Thread 0x0000022ce74a1c20 Unloading class 0x0000022c811a4000 'java/lang/invoke/LambdaForm$MH+0x0000022c811a4000'
Event: 25.527 Thread 0x0000022ce74a1c20 Unloading class 0x0000022c811a3c00 'java/lang/invoke/LambdaForm$MH+0x0000022c811a3c00'
Event: 25.527 Thread 0x0000022ce74a1c20 Unloading class 0x0000022c811a3800 'java/lang/invoke/LambdaForm$BMH+0x0000022c811a3800'
Event: 25.527 Thread 0x0000022ce74a1c20 Unloading class 0x0000022c811a3400 'java/lang/invoke/LambdaForm$DMH+0x0000022c811a3400'
Event: 25.527 Thread 0x0000022ce74a1c20 Unloading class 0x0000022c811a2000 'java/lang/invoke/LambdaForm$DMH+0x0000022c811a2000'

Classes redefined (0 events):
No events

Internal exceptions (20 events):
Event: 460.485 Thread 0x0000022cc16f7200 Exception <a 'sun/nio/fs/WindowsException'{0x00000000d560d040}> (0x00000000d560d040) 
thrown [s\src\hotspot\share\prims\jni.cpp, line 520]
Event: 460.486 Thread 0x0000022cc16f7200 Exception <a 'sun/nio/fs/WindowsException'{0x00000000d560dc28}> (0x00000000d560dc28) 
thrown [s\src\hotspot\share\prims\jni.cpp, line 520]
Event: 460.486 Thread 0x0000022cc16f7200 Exception <a 'sun/nio/fs/WindowsException'{0x00000000d560e258}> (0x00000000d560e258) 
thrown [s\src\hotspot\share\prims\jni.cpp, line 520]
Event: 460.786 Thread 0x0000022cc16f7200 Exception <a 'java/lang/NoSuchMethodError'{0x00000000d56738e8}: 'java.lang.Object java.lang.invoke.DirectMethodHandle$Holder.newInvokeSpecial(java.lang.Object, java.lang.Object, int, java.lang.Object, java.lang.Object)'> (0x00000000d56738e8) 
thrown [s\src\hotspot\share\interpreter\linkResolver.cpp, line 773]
Event: 460.834 Thread 0x0000022cc16f7200 Exception <a 'java/lang/NoSuchMethodError'{0x00000000d568f298}: 'java.lang.Object java.lang.invoke.DirectMethodHandle$Holder.invokeSpecial(java.lang.Object, java.lang.Object, java.lang.Object, int, java.lang.Object, java.lang.Object, java.lang.Object)'> (0x00000000d568f298) 
thrown [s\src\hotspot\share\interpreter\linkResolver.cpp, line 773]
Event: 461.148 Thread 0x0000022cc16f7200 Exception <a 'java/lang/NoSuchMethodError'{0x00000000d571d318}: 'void java.lang.invoke.DirectMethodHandle$Holder.invokeStatic(java.lang.Object, int)'> (0x00000000d571d318) 
thrown [s\src\hotspot\share\interpreter\linkResolver.cpp, line 773]
Event: 462.107 Thread 0x0000022cc16f7200 Exception <a 'java/io/FileNotFoundException'{0x00000000d5667cb0}> (0x00000000d5667cb0) 
thrown [s\src\hotspot\share\prims\jni.cpp, line 520]
Event: 462.108 Thread 0x0000022cc16f7200 Exception <a 'java/io/FileNotFoundException'{0x00000000d5668f80}> (0x00000000d5668f80) 
thrown [s\src\hotspot\share\prims\jni.cpp, line 520]
Event: 462.109 Thread 0x0000022cc16f7200 Exception <a 'java/io/FileNotFoundException'{0x00000000d5669f88}> (0x00000000d5669f88) 
thrown [s\src\hotspot\share\prims\jni.cpp, line 520]
Event: 462.179 Thread 0x0000022cc16f7200 Implicit null exception at 0x0000022cf2728e15 to 0x0000022cf2729404
Event: 462.594 Thread 0x0000022cc16f7200 Implicit null exception at 0x0000022cf23da59b to 0x0000022cf23db42c
Event: 462.930 Thread 0x0000022cc16f7200 Exception <a 'sun/nio/fs/WindowsException'{0x00000000d5ae76b0}> (0x00000000d5ae76b0) 
thrown [s\src\hotspot\share\prims\jni.cpp, line 520]
Event: 470.883 Thread 0x0000022cc16f4410 Exception <a 'sun/nio/fs/WindowsException'{0x00000000d5a19860}> (0x00000000d5a19860) 
thrown [s\src\hotspot\share\prims\jni.cpp, line 520]
Event: 471.446 Thread 0x0000022cc16f4410 Exception <a 'sun/nio/fs/WindowsException'{0x00000000d56084f0}> (0x00000000d56084f0) 
thrown [s\src\hotspot\share\prims\jni.cpp, line 520]
Event: 471.696 Thread 0x0000022cc16f4410 Implicit null exception at 0x0000022cf2b67aeb to 0x0000022cf2b6ba04
Event: 758.696 Thread 0x0000022cc69f34f0 Exception <a 'sun/nio/fs/WindowsException'{0x00000000d55a1c48}> (0x00000000d55a1c48) 
thrown [s\src\hotspot\share\prims\jni.cpp, line 520]
Event: 758.697 Thread 0x0000022cc69f34f0 Exception <a 'sun/nio/fs/WindowsException'{0x00000000d55a2510}> (0x00000000d55a2510) 
thrown [s\src\hotspot\share\prims\jni.cpp, line 520]
Event: 758.699 Thread 0x0000022cc69f34f0 Implicit null exception at 0x0000022cf28f3906 to 0x0000022cf28f3bc0
Event: 758.786 Thread 0x0000022cc69f34f0 Exception <a 'java/lang/NoSuchMethodError'{0x00000000d56476c8}: static [J.<clinit>()V> (0x00000000d56476c8) 
thrown [s\src\hotspot\share\prims\jni.cpp, line 1111]
Event: 758.813 Thread 0x0000022cc69f34f0 Exception <a 'java/lang/NoSuchMethodError'{0x00000000d567a858}: 'java.lang.Object java.lang.invoke.DirectMethodHandle$Holder.newInvokeSpecial(java.lang.Object, java.lang.Object, java.lang.Object, java.lang.Object, java.lang.Object, java.lang.Object, java.lang.Object, java.lang.Object)'> (0x00000000d567a858) 
thrown [s\src\hotspot\share\interpreter\linkResolver.cpp, line 773]

ZGC Phase Switch (0 events):
No events

VM Operations (20 events):
Event: 12655.773 Executing non-safepoint VM operation: HandshakeAllThreads (HandshakeForDeflation)
Event: 12655.773 Executing non-safepoint VM operation: HandshakeAllThreads (HandshakeForDeflation) done
Event: 12655.773 Executing non-safepoint VM operation: RendezvousGCThreads
Event: 12655.773 Executing non-safepoint VM operation: RendezvousGCThreads done
Event: 13016.357 Executing non-safepoint VM operation: HandshakeAllThreads (HandshakeForDeflation)
Event: 13016.357 Executing non-safepoint VM operation: HandshakeAllThreads (HandshakeForDeflation) done
Event: 13016.357 Executing non-safepoint VM operation: RendezvousGCThreads
Event: 13016.357 Executing non-safepoint VM operation: RendezvousGCThreads done
Event: 13497.401 Executing non-safepoint VM operation: HandshakeAllThreads (HandshakeForDeflation)
Event: 13497.404 Executing non-safepoint VM operation: HandshakeAllThreads (HandshakeForDeflation) done
Event: 13497.405 Executing non-safepoint VM operation: RendezvousGCThreads
Event: 13497.405 Executing non-safepoint VM operation: RendezvousGCThreads done
Event: 13617.509 Executing non-safepoint VM operation: HandshakeAllThreads (HandshakeForDeflation)
Event: 13617.509 Executing non-safepoint VM operation: HandshakeAllThreads (HandshakeForDeflation) done
Event: 13617.509 Executing non-safepoint VM operation: RendezvousGCThreads
Event: 13617.509 Executing non-safepoint VM operation: RendezvousGCThreads done
Event: 13797.849 Executing non-safepoint VM operation: HandshakeAllThreads (HandshakeForDeflation)
Event: 13797.853 Executing non-safepoint VM operation: HandshakeAllThreads (HandshakeForDeflation) done
Event: 13797.853 Executing non-safepoint VM operation: RendezvousGCThreads
Event: 13797.853 Executing non-safepoint VM operation: RendezvousGCThreads done

Memory protections (0 events):
No events

Nmethod flushes (20 events):
Event: 37.020 Thread 0x0000022ce74a1c20 flushing osr nmethod 0x0000022ceae1c090
Event: 37.020 Thread 0x0000022ce74a1c20 flushing osr nmethod 0x0000022ceae25090
Event: 37.020 Thread 0x0000022ce74a1c20 flushing osr nmethod 0x0000022ceae6fc10
Event: 37.020 Thread 0x0000022ce74a1c20 flushing  nmethod 0x0000022ceae91f10
Event: 37.020 Thread 0x0000022ce74a1c20 flushing  nmethod 0x0000022ceaeaa610
Event: 37.020 Thread 0x0000022ce74a1c20 flushing  nmethod 0x0000022ceaeaba10
Event: 37.020 Thread 0x0000022ce74a1c20 flushing  nmethod 0x0000022ceaeac110
Event: 37.020 Thread 0x0000022ce74a1c20 flushing  nmethod 0x0000022ceaead010
Event: 37.020 Thread 0x0000022ce74a1c20 flushing  nmethod 0x0000022ceaeadd10
Event: 37.020 Thread 0x0000022ce74a1c20 flushing  nmethod 0x0000022ceaec0f90
Event: 37.020 Thread 0x0000022ce74a1c20 flushing  nmethod 0x0000022ceaec1590
Event: 37.020 Thread 0x0000022ce74a1c20 flushing  nmethod 0x0000022ceaec1e10
Event: 37.020 Thread 0x0000022ce74a1c20 flushing  nmethod 0x0000022ceaecd010
Event: 37.020 Thread 0x0000022ce74a1c20 flushing  nmethod 0x0000022ceaecdc10
Event: 37.020 Thread 0x0000022ce74a1c20 flushing  nmethod 0x0000022ceaed0490
Event: 37.020 Thread 0x0000022ce74a1c20 flushing  nmethod 0x0000022ceaed8790
Event: 37.020 Thread 0x0000022ce74a1c20 flushing  nmethod 0x0000022ceaef3790
Event: 37.020 Thread 0x0000022ce74a1c20 flushing  nmethod 0x0000022ceaef8510
Event: 37.020 Thread 0x0000022ce74a1c20 flushing  nmethod 0x0000022ceaf19190
Event: 37.020 Thread 0x0000022ce74a1c20 flushing  nmethod 0x0000022ceaf9b410

Events (20 events):
Event: 758.703 Thread 0x0000022cc69f34f0 Thread added: 0x0000022cc8589d40
Event: 758.706 Thread 0x0000022cc8589d40 Thread added: 0x0000022cc85868c0
Event: 758.711 Thread 0x0000022cc8589d40 Thread exited: 0x0000022cc8589d40
Event: 758.711 Thread 0x0000022cc85868c0 Thread exited: 0x0000022cc85868c0
Event: 758.831 Thread 0x0000022cff125220 Thread added: 0x0000022cc9a62b30
Event: 759.020 Thread 0x0000022cc9a62b30 Thread exited: 0x0000022cc9a62b30
Event: 759.848 Thread 0x0000022cc8589020 Thread exited: 0x0000022cc8589020
Event: 759.989 Thread 0x0000022cc8586230 Thread exited: 0x0000022cc8586230
Event: 759.989 Thread 0x0000022cc16f5130 Thread exited: 0x0000022cc16f5130
Event: 760.035 Thread 0x0000022cc8588990 Thread exited: 0x0000022cc8588990
Event: 760.316 Thread 0x0000022cc16f4aa0 Thread exited: 0x0000022cc16f4aa0
Event: 760.331 Thread 0x0000022cc8585ba0 Thread exited: 0x0000022cc8585ba0
Event: 760.361 Thread 0x0000022cc8588300 Thread exited: 0x0000022cc8588300
Event: 760.454 Thread 0x0000022cc6fb6390 Thread exited: 0x0000022cc6fb6390
Event: 760.470 Thread 0x0000022cc6fb42c0 Thread exited: 0x0000022cc6fb42c0
Event: 760.486 Thread 0x0000022cc8587c70 Thread exited: 0x0000022cc8587c70
Event: 771.051 Thread 0x0000022cc7a6c570 Thread exited: 0x0000022cc7a6c570
Event: 771.285 Thread 0x0000022cc7a69e10 Thread exited: 0x0000022cc7a69e10
Event: 771.285 Thread 0x0000022cc7a6a4a0 Thread exited: 0x0000022cc7a6a4a0
Event: 771.285 Thread 0x0000022cc7a65c70 Thread exited: 0x0000022cc7a65c70


Dynamic libraries:
0x00007ff7c91b0000 - 0x00007ff7c91be000 	c:\Users\ragha\.antigravity\extensions\redhat.java-1.53.0-win32-x64\jre\21.0.10-win32-x86_64\bin\java.exe
0x00007ffb44e40000 - 0x00007ffb450a7000 	C:\WINDOWS\SYSTEM32\ntdll.dll
0x00007ffb43c00000 - 0x00007ffb43cc9000 	C:\WINDOWS\System32\KERNEL32.DLL
0x00007ffb42450000 - 0x00007ffb42841000 	C:\WINDOWS\System32\KERNELBASE.dll
0x00007ffb429d0000 - 0x00007ffb42b1b000 	C:\WINDOWS\System32\ucrtbase.dll
0x00007ffb283c0000 - 0x00007ffb283d8000 	c:\Users\ragha\.antigravity\extensions\redhat.java-1.53.0-win32-x64\jre\21.0.10-win32-x86_64\bin\jli.dll
0x00007ffb33ee0000 - 0x00007ffb33efe000 	c:\Users\ragha\.antigravity\extensions\redhat.java-1.53.0-win32-x64\jre\21.0.10-win32-x86_64\bin\VCRUNTIME140.dll
0x00007ffb43d30000 - 0x00007ffb43ef5000 	C:\WINDOWS\System32\USER32.dll
0x00007ffb27590000 - 0x00007ffb27823000 	C:\WINDOWS\WinSxS\amd64_microsoft.windows.common-controls_6595b64144ccf1df_6.0.26100.8037_none_3e092faae333b53b\COMCTL32.dll
0x00007ffb422f0000 - 0x00007ffb42317000 	C:\WINDOWS\System32\win32u.dll
0x00007ffb42be0000 - 0x00007ffb42c0b000 	C:\WINDOWS\System32\GDI32.dll
0x00007ffb44570000 - 0x00007ffb44619000 	C:\WINDOWS\System32\msvcrt.dll
0x00007ffb42320000 - 0x00007ffb4244b000 	C:\WINDOWS\System32\gdi32full.dll
0x00007ffb41890000 - 0x00007ffb41933000 	C:\WINDOWS\System32\msvcp_win.dll
0x00007ffb43f50000 - 0x00007ffb43f81000 	C:\WINDOWS\System32\IMM32.DLL
0x00007ffb3eb70000 - 0x00007ffb3eb7c000 	c:\Users\ragha\.antigravity\extensions\redhat.java-1.53.0-win32-x64\jre\21.0.10-win32-x86_64\bin\vcruntime140_1.dll
0x00007ffb17090000 - 0x00007ffb1711d000 	c:\Users\ragha\.antigravity\extensions\redhat.java-1.53.0-win32-x64\jre\21.0.10-win32-x86_64\bin\msvcp140.dll
0x00007ffab01f0000 - 0x00007ffab0f91000 	c:\Users\ragha\.antigravity\extensions\redhat.java-1.53.0-win32-x64\jre\21.0.10-win32-x86_64\bin\server\jvm.dll
0x00007ffb44750000 - 0x00007ffb4480b000 	C:\WINDOWS\System32\ADVAPI32.dll
0x00007ffb444c0000 - 0x00007ffb44567000 	C:\WINDOWS\System32\sechost.dll
0x00007ffb438a0000 - 0x00007ffb439b8000 	C:\WINDOWS\System32\RPCRT4.dll
0x00007ffb42db0000 - 0x00007ffb42e24000 	C:\WINDOWS\System32\WS2_32.dll
0x00007ffb414d0000 - 0x00007ffb4152e000 	C:\WINDOWS\SYSTEM32\POWRPROF.dll
0x00007ffb38f20000 - 0x00007ffb38f55000 	C:\WINDOWS\SYSTEM32\WINMM.dll
0x00007ffb38f60000 - 0x00007ffb38f6b000 	C:\WINDOWS\SYSTEM32\VERSION.dll
0x00007ffb413b0000 - 0x00007ffb413c4000 	C:\WINDOWS\SYSTEM32\UMPDC.dll
0x00007ffb404b0000 - 0x00007ffb404cb000 	C:\WINDOWS\SYSTEM32\kernel.appcore.dll
0x00007ffb2f690000 - 0x00007ffb2f69a000 	c:\Users\ragha\.antigravity\extensions\redhat.java-1.53.0-win32-x64\jre\21.0.10-win32-x86_64\bin\jimage.dll
0x00007ffb34bb0000 - 0x00007ffb34df2000 	C:\WINDOWS\SYSTEM32\DBGHELP.DLL
0x00007ffb44a70000 - 0x00007ffb44df2000 	C:\WINDOWS\System32\combase.dll
0x00007ffb43b20000 - 0x00007ffb43bf7000 	C:\WINDOWS\System32\OLEAUT32.dll
0x00007ffb23bc0000 - 0x00007ffb23bfb000 	C:\WINDOWS\SYSTEM32\dbgcore.DLL
0x00007ffb42240000 - 0x00007ffb422e5000 	C:\WINDOWS\System32\bcryptPrimitives.dll
0x00007ffb251c0000 - 0x00007ffb251cf000 	c:\Users\ragha\.antigravity\extensions\redhat.java-1.53.0-win32-x64\jre\21.0.10-win32-x86_64\bin\instrument.dll
0x00007ffb22410000 - 0x00007ffb22430000 	c:\Users\ragha\.antigravity\extensions\redhat.java-1.53.0-win32-x64\jre\21.0.10-win32-x86_64\bin\java.dll
0x00007ffb42f40000 - 0x00007ffb4369f000 	C:\WINDOWS\System32\SHELL32.dll
0x00007ffb41720000 - 0x00007ffb4188a000 	C:\WINDOWS\System32\wintypes.dll
0x00007ffb41940000 - 0x00007ffb421a4000 	C:\WINDOWS\System32\windows.storage.dll
0x00007ffb44620000 - 0x00007ffb44717000 	C:\WINDOWS\System32\SHCORE.dll
0x00007ffb437a0000 - 0x00007ffb43807000 	C:\WINDOWS\System32\shlwapi.dll
0x00007ffb41640000 - 0x00007ffb41669000 	C:\WINDOWS\SYSTEM32\profapi.dll
0x00007ffb21e20000 - 0x00007ffb21e38000 	c:\Users\ragha\.antigravity\extensions\redhat.java-1.53.0-win32-x64\jre\21.0.10-win32-x86_64\bin\zip.dll
0x00007ffb251b0000 - 0x00007ffb251c0000 	C:\Users\ragha\.antigravity\extensions\redhat.java-1.53.0-win32-x64\jre\21.0.10-win32-x86_64\bin\net.dll
0x00007ffb3a8d0000 - 0x00007ffb3a9f7000 	C:\WINDOWS\SYSTEM32\WINHTTP.dll
0x00007ffb40a20000 - 0x00007ffb40a8b000 	C:\WINDOWS\system32\mswsock.dll
0x00007ffb1f980000 - 0x00007ffb1f996000 	C:\Users\ragha\.antigravity\extensions\redhat.java-1.53.0-win32-x64\jre\21.0.10-win32-x86_64\bin\nio.dll
0x00007ffb1fe60000 - 0x00007ffb1fe70000 	c:\Users\ragha\.antigravity\extensions\redhat.java-1.53.0-win32-x64\jre\21.0.10-win32-x86_64\bin\verify.dll
0x00007ffb16ab0000 - 0x00007ffb16af5000 	C:\Users\ragha\AppData\Roaming\Antigravity\User\globalStorage\redhat.java\1.53.0\config_win\org.eclipse.equinox.launcher\org.eclipse.equinox.launcher.win32.win32.x86_64_1.3.0.v20260203-2149\eclipse_11919.dll
0x00007ffb42c10000 - 0x00007ffb42da5000 	C:\WINDOWS\System32\ole32.dll
0x00007ffb40d00000 - 0x00007ffb40d1b000 	C:\WINDOWS\SYSTEM32\CRYPTSP.dll
0x00007ffb40410000 - 0x00007ffb40449000 	C:\WINDOWS\system32\rsaenh.dll
0x00007ffb40ad0000 - 0x00007ffb40b02000 	C:\WINDOWS\SYSTEM32\USERENV.dll
0x00007ffb41610000 - 0x00007ffb4163a000 	C:\WINDOWS\SYSTEM32\bcrypt.dll
0x00007ffb40d20000 - 0x00007ffb40d2c000 	C:\WINDOWS\SYSTEM32\CRYPTBASE.dll
0x00007ffb3fed0000 - 0x00007ffb3ff03000 	C:\WINDOWS\SYSTEM32\IPHLPAPI.DLL
0x00007ffb43f90000 - 0x00007ffb43f9a000 	C:\WINDOWS\System32\NSI.dll
0x00007ffb16080000 - 0x00007ffb160c9000 	C:\Users\ragha\AppData\Local\Temp\jna-108273425\jna8519665298013909053.dll
0x00007ffb42e30000 - 0x00007ffb42e38000 	C:\WINDOWS\System32\PSAPI.DLL
0x00007ffb3a860000 - 0x00007ffb3a87d000 	C:\WINDOWS\SYSTEM32\dhcpcsvc6.DLL
0x00007ffb3a830000 - 0x00007ffb3a853000 	C:\WINDOWS\SYSTEM32\dhcpcsvc.DLL
0x00007ffb405d0000 - 0x00007ffb40606000 	C:\WINDOWS\SYSTEM32\ntmarta.dll

JVMTI agents:
c:\Users\ragha\.antigravity\extensions\redhat.java-1.53.0-win32-x64\lombok\lombok-1.18.39-4050.jar path:c:\Users\ragha\.antigravity\extensions\redhat.java-1.53.0-win32-x64\jre\21.0.10-win32-x86_64\bin\instrument.dll, loaded, initialized, instrumentlib options:none

dbghelp: loaded successfully - version: 4.0.5 - missing functions: none
symbol engine: initialized successfully - sym options: 0x614 - pdb path: .;c:\Users\ragha\.antigravity\extensions\redhat.java-1.53.0-win32-x64\jre\21.0.10-win32-x86_64\bin;C:\WINDOWS\SYSTEM32;C:\WINDOWS\WinSxS\amd64_microsoft.windows.common-controls_6595b64144ccf1df_6.0.26100.8037_none_3e092faae333b53b;c:\Users\ragha\.antigravity\extensions\redhat.java-1.53.0-win32-x64\jre\21.0.10-win32-x86_64\bin\server;C:\Users\ragha\AppData\Roaming\Antigravity\User\globalStorage\redhat.java\1.53.0\config_win\org.eclipse.equinox.launcher\org.eclipse.equinox.launcher.win32.win32.x86_64_1.3.0.v20260203-2149;C:\Users\ragha\AppData\Local\Temp\jna-108273425

VM Arguments:
jvm_args: --add-modules=ALL-SYSTEM --add-opens=java.base/java.util=ALL-UNNAMED --add-opens=java.base/java.lang=ALL-UNNAMED --add-opens=java.base/sun.nio.fs=ALL-UNNAMED -Declipse.application=org.eclipse.jdt.ls.core.id1 -Dosgi.bundles.defaultStartLevel=4 -Declipse.product=org.eclipse.jdt.ls.core.product -Djava.import.generatesMetadataFilesAtProjectRoot=false -DDetectVMInstallationsJob.disabled=true -Dfile.encoding=utf8 -XX:+UseParallelGC -XX:GCTimeRatio=4 -XX:AdaptiveSizePolicyWeight=90 -Dsun.zip.disableMemoryMapping=true -Xmx2G -Xms100m -Xlog:disable -javaagent:c:\Users\ragha\.antigravity\extensions\redhat.java-1.53.0-win32-x64\lombok\lombok-1.18.39-4050.jar -XX:+HeapDumpOnOutOfMemoryError -XX:HeapDumpPath=c:\Users\ragha\AppData\Roaming\Antigravity\User\workspaceStorage\8b50e37e961820efff57cabde0cbdb43\redhat.java -Daether.dependencyCollector.impl=bf 
java_command: c:\Users\ragha\.antigravity\extensions\redhat.java-1.53.0-win32-x64\server\plugins\org.eclipse.equinox.launcher_1.7.100.v20251111-0406.jar -configuration c:\Users\ragha\AppData\Roaming\Antigravity\User\globalStorage\redhat.java\1.53.0\config_win -data c:\Users\ragha\AppData\Roaming\Antigravity\User\workspaceStorage\8b50e37e961820efff57cabde0cbdb43\redhat.java\jdt_ws --pipe=\\.\pipe\lsp-9c0cbd59b63ba5024b78e52669bee7a2-sock
java_class_path (initial): c:\Users\ragha\.antigravity\extensions\redhat.java-1.53.0-win32-x64\server\plugins\org.eclipse.equinox.launcher_1.7.100.v20251111-0406.jar
Launcher Type: SUN_STANDARD

[Global flags]
    uintx AdaptiveSizePolicyWeight                 = 90                                        {product} {command line}
     intx CICompilerCount                          = 4                                         {product} {ergonomic}
    uintx GCTimeRatio                              = 4                                         {product} {command line}
     bool HeapDumpOnOutOfMemoryError               = true                                   {manageable} {command line}
    ccstr HeapDumpPath                             = c:\Users\ragha\AppData\Roaming\Antigravity\User\workspaceStorage\8b50e37e961820efff57cabde0cbdb43\redhat.java         {manageable} {command line}
   size_t InitialHeapSize                          = 104857600                                 {product} {command line}
   size_t MaxHeapSize                              = 2147483648                                {product} {command line}
   size_t MaxNewSize                               = 715653120                                 {product} {ergonomic}
   size_t MinHeapDeltaBytes                        = 524288                                    {product} {ergonomic}
   size_t MinHeapSize                              = 104857600                                 {product} {command line}
   size_t NewSize                                  = 34603008                                  {product} {ergonomic}
    uintx NonNMethodCodeHeapSize                   = 5839372                                {pd product} {ergonomic}
    uintx NonProfiledCodeHeapSize                  = 122909434                              {pd product} {ergonomic}
   size_t OldSize                                  = 70254592                                  {product} {ergonomic}
    uintx ProfiledCodeHeapSize                     = 122909434                              {pd product} {ergonomic}
    uintx ReservedCodeCacheSize                    = 251658240                              {pd product} {ergonomic}
     bool SegmentedCodeCache                       = true                                      {product} {ergonomic}
   size_t SoftMaxHeapSize                          = 2147483648                             {manageable} {ergonomic}
     bool UseCompressedOops                        = true                           {product lp64_product} {ergonomic}
     bool UseLargePagesIndividualAllocation        = false                                  {pd product} {ergonomic}
     bool UseParallelGC                            = true                                      {product} {command line}

Logging:
Log output configuration:
 #0: stdout all=off uptime,level,tags foldmultilines=false
 #1: stderr all=off uptime,level,tags foldmultilines=false

Release file:
JAVA_VERSION="21.0.10" 
MODULES="java.base java.compiler java.datatransfer java.xml java.prefs java.desktop java.instrument java.logging java.management java.security.sasl java.naming java.rmi java.management.rmi java.net.http java.scripting java.security.jgss java.transaction.xa java.sql java.sql.rowset java.xml.crypto java.se java.smartcardio jdk.accessibility jdk.internal.jvmstat jdk.attach jdk.charsets jdk.internal.opt jdk.zipfs jdk.compiler jdk.crypto.ec jdk.crypto.cryptoki jdk.crypto.mscapi jdk.dynalink jdk.internal.ed jdk.editpad jdk.hotspot.agent jdk.httpserver jdk.internal.le jdk.internal.vm.ci jdk.internal.vm.compiler jdk.internal.vm.compiler.management jdk.jartool jdk.javadoc jdk.jcmd jdk.management jdk.management.agent jdk.jconsole jdk.jdeps jdk.jdwp.agent jdk.jdi jdk.jfr jdk.jshell jdk.jsobject jdk.jstatd jdk.localedata jdk.management.jfr jdk.naming.dns jdk.naming.rmi jdk.net jdk.nio.mapmode jdk.random jdk.sctp jdk.security.auth jdk.security.jgss jdk.unsupported jdk.unsupported.desktop jdk.xml.dom" 

Environment Variables:
JAVA_HOME=C:\Program Files\Java\jdk-23
PATH=C:\Program Files\Common Files\Oracle\Java\javapath;C:\windows\system32;C:\windows;C:\windows\System32\Wbem;C:\windows\System32\WindowsPowerShell\v1.0\;C:\windows\System32\OpenSSH\;C:\MinGW\bin;C:\Program Files\Java\jdk-23\bin;C:\Program Files\Git\cmd;C:\Users\ragha\AppData\Roaming\npm;C:\Program Files\MySQL\MySQL Server 8.0\bin;C:\WINDOWS\system32;C:\WINDOWS;C:\WINDOWS\System32\Wbem;C:\WINDOWS\System32\WindowsPowerShell\v1.0\;C:\WINDOWS\System32\OpenSSH\;C:\Program Files\MongoDB\Server\8.0\bin;C:\Program Files\apache-maven-3.9.9\bin;C:\Program Files\Redis;C:\Kafka\kafka_2.13-3.9.0\bin\windows;C:\Program Files (x86)\Gpg4win\..\GnuPG\bin;C:\Program Files\nodejs\;C:\ProgramData\chocolatey\bin;C:\Program Files\MySQL\MySQL Server 9.6\bin;C:\Program Files\MySQL\MySQL Shell 8.0\bin\;C:\Users\ragha\AppData\Local\Microsoft\WindowsApps;C:\Users\ragha\AppData\Local\Programs\Microsoft VS Code\bin;C:\Program Files\JetBrains\IntelliJ IDEA 2024.3.1.1\bin;;C:\Users\ragha\.bun\bin;C:\Program Files\mongosh\;C:\Users\ragha\Downloads\gradle-8.12-bin\gradle-8.12\bin;C:\Program Files\gradle-8.12\bin;C:\Program Files\Java\jdk-23\bin;C:\Users\ragha\AppData\Local\Programs\Windsurf\bin;C:\Users\ragha\AppData\Roaming\npm;C:\Users\ragha\AppData\Local\Programs\Antigravity\bin;C:\Program Files\MySQL\MySQL Server 9.6\bin;
USERNAME=ragha
OS=Windows_NT
PROCESSOR_IDENTIFIER=AMD64 Family 23 Model 104 Stepping 1, AuthenticAMD
TMP=C:\Users\ragha\AppData\Local\Temp
TEMP=C:\Users\ragha\AppData\Local\Temp




Periodic native trim disabled

---------------  S Y S T E M  ---------------

OS:
 Windows 11 , 64 bit Build 26100 (10.0.26100.7920)
OS uptime: 18 days 23:18 hours
Hyper-V role detected

CPU: total 12 (initial active 12) (12 cores per cpu, 2 threads per core) family 23 model 104 stepping 1 microcode 0x8608104, cx8, cmov, fxsr, ht, mmx, 3dnowpref, sse, sse2, sse3, ssse3, sse4a, sse4.1, sse4.2, popcnt, lzcnt, tsc, tscinvbit, avx, avx2, aes, clmul, bmi1, bmi2, adx, sha, fma, vzeroupper, clflush, clflushopt, hv, rdtscp, rdpid, f16c
Processor Information for the first 12 processors :
  Max Mhz: 2100, Current Mhz: 2100, Mhz Limit: 2100

Memory: 4k page, system-wide physical 7502M (464M free)
TotalPageFile size 23723M (AvailPageFile size 104M)
current process WorkingSet (physical memory assigned to process): 8M, peak: 418M
current process commit charge ("private bytes"): 582M, peak: 614M

vm_info: OpenJDK 64-Bit Server VM (21.0.10+7-LTS) for windows-amd64 JRE (21.0.10+7-LTS), built on 2026-01-20T00:00:00Z by "admin" with MS VC++ 17.12 (VS2022)

END.
